# JRE version: OpenJDK Runtime Environment (8.0_202-b03) (build 1.8.0_202-release-1483-b03)
# Java VM: OpenJDK 64-Bit Server VM (25.202-b03 mixed mode windows-amd64 compressed oops)
Heap:
 PSYoungGen      total 106496K, used 46525K [0x00000000e0000000, 0x00000000e9980000, 0x0000000100000000)
  eden space 94208K, 36% used [0x00000000e0000000,0x00000000e2174050,0x00000000e5c00000)
  from space 12288K, 99% used [0x00000000e5c00000,0x00000000e67fb638,0x00000000e6800000)
  to   space 14336K, 0% used [0x00000000e8b80000,0x00000000e8b80000,0x00000000e9980000)
 ParOldGen       total 114688K, used 18587K [0x00000000a0000000, 0x00000000a7000000, 0x00000000e0000000)
  object space 114688K, 16% used [0x00000000a0000000,0x00000000a1226ce0,0x00000000a7000000)
 Metaspace       used 47107K, capacity 48238K, committed 48600K, reserved 1091584K
  class space    used 6357K, capacity 6626K, committed 6656K, reserved 1048576K
GC Heap History (10 events):
Event: 4.112 GC heap before
{Heap before GC invocations=5 (full 1):
 PSYoungGen      total 76288K, used 65536K [0x00000000e0000000, 0x00000000e5500000, 0x0000000100000000)
  eden space 65536K, 100% used [0x00000000e0000000,0x00000000e4000000,0x00000000e4000000)
  from space 10752K, 0% used [0x00000000e4000000,0x00000000e4000000,0x00000000e4a80000)
  to   space 10752K, 0% used [0x00000000e4a80000,0x00000000e4a80000,0x00000000e5500000)
 ParOldGen       total 114688K, used 10926K [0x00000000a0000000, 0x00000000a7000000, 0x00000000e0000000)
  object space 114688K, 9% used [0x00000000a0000000,0x00000000a0aaba50,0x00000000a7000000)
 Metaspace       used 28557K, capacity 28988K, committed 29440K, reserved 1075200K
  class space    used 3855K, capacity 4015K, committed 4096K, reserved 1048576K
Event: 4.119 GC heap after
Heap after GC invocations=5 (full 1):
 PSYoungGen      total 76288K, used 7673K [0x00000000e0000000, 0x00000000e7080000, 0x0000000100000000)
  eden space 65536K, 0% used [0x00000000e0000000,0x00000000e0000000,0x00000000e4000000)
  from space 10752K, 71% used [0x00000000e4a80000,0x00000000e51fe508,0x00000000e5500000)
  to   space 10752K, 0% used [0x00000000e4000000,0x00000000e4000000,0x00000000e4a80000)
 ParOldGen       total 114688K, used 10934K [0x00000000a0000000, 0x00000000a7000000, 0x00000000e0000000)
  object space 114688K, 9% used [0x00000000a0000000,0x00000000a0aada50,0x00000000a7000000)
 Metaspace       used 28557K, capacity 28988K, committed 29440K, reserved 1075200K
  class space    used 3855K, capacity 4015K, committed 4096K, reserved 1048576K
}
Event: 4.709 GC heap before
{Heap before GC invocations=6 (full 1):
 PSYoungGen      total 76288K, used 73209K [0x00000000e0000000, 0x00000000e7080000, 0x0000000100000000)
  eden space 65536K, 100% used [0x00000000e0000000,0x00000000e4000000,0x00000000e4000000)
  from space 10752K, 71% used [0x00000000e4a80000,0x00000000e51fe508,0x00000000e5500000)
  to   space 10752K, 0% used [0x00000000e4000000,0x00000000e4000000,0x00000000e4a80000)
 ParOldGen       total 114688K, used 10934K [0x00000000a0000000, 0x00000000a7000000, 0x00000000e0000000)
  object space 114688K, 9% used [0x00000000a0000000,0x00000000a0aada50,0x00000000a7000000)
 Metaspace       used 31887K, capacity 32436K, committed 32768K, reserved 1077248K
  class space    used 4394K, capacity 4567K, committed 4608K, reserved 1048576K
Event: 4.715 GC heap after
Heap after GC invocations=6 (full 1):
 PSYoungGen      total 76288K, used 8622K [0x00000000e0000000, 0x00000000e7400000, 0x0000000100000000)
  eden space 65536K, 0% used [0x00000000e0000000,0x00000000e0000000,0x00000000e4000000)
  from space 10752K, 80% used [0x00000000e4000000,0x00000000e486b9b0,0x00000000e4a80000)
  to   space 12288K, 0% used [0x00000000e6800000,0x00000000e6800000,0x00000000e7400000)
 ParOldGen       total 114688K, used 10942K [0x00000000a0000000, 0x00000000a7000000, 0x00000000e0000000)
  object space 114688K, 9% used [0x00000000a0000000,0x00000000a0aafa50,0x00000000a7000000)
 Metaspace       used 31887K, capacity 32436K, committed 32768K, reserved 1077248K
  class space    used 4394K, capacity 4567K, committed 4608K, reserved 1048576K
}
Event: 5.330 GC heap before
{Heap before GC invocations=7 (full 1):
 PSYoungGen      total 76288K, used 59429K [0x00000000e0000000, 0x00000000e7400000, 0x0000000100000000)
  eden space 65536K, 77% used [0x00000000e0000000,0x00000000e319da90,0x00000000e4000000)
  from space 10752K, 80% used [0x00000000e4000000,0x00000000e486b9b0,0x00000000e4a80000)
  to   space 12288K, 0% used [0x00000000e6800000,0x00000000e6800000,0x00000000e7400000)
 ParOldGen       total 114688K, used 10942K [0x00000000a0000000, 0x00000000a7000000, 0x00000000e0000000)
  object space 114688K, 9% used [0x00000000a0000000,0x00000000a0aafa50,0x00000000a7000000)
 Metaspace       used 34564K, capacity 35198K, committed 35416K, reserved 1079296K
  class space    used 4752K, capacity 4940K, committed 4992K, reserved 1048576K
Event: 5.345 GC heap after
Heap after GC invocations=7 (full 1):
 PSYoungGen      total 106496K, used 10014K [0x00000000e0000000, 0x00000000e7880000, 0x0000000100000000)
  eden space 94208K, 0% used [0x00000000e0000000,0x00000000e0000000,0x00000000e5c00000)
  from space 12288K, 81% used [0x00000000e6800000,0x00000000e71c7910,0x00000000e7400000)
  to   space 12288K, 0% used [0x00000000e5c00000,0x00000000e5c00000,0x00000000e6800000)
 ParOldGen       total 114688K, used 10950K [0x00000000a0000000, 0x00000000a7000000, 0x00000000e0000000)
  object space 114688K, 9% used [0x00000000a0000000,0x00000000a0ab1a50,0x00000000a7000000)
 Metaspace       used 34564K, capacity 35198K, committed 35416K, reserved 1079296K
  class space    used 4752K, capacity 4940K, committed 4992K, reserved 1048576K
}
Event: 5.345 GC heap before
{Heap before GC invocations=8 (full 2):
 PSYoungGen      total 106496K, used 10014K [0x00000000e0000000, 0x00000000e7880000, 0x0000000100000000)
  eden space 94208K, 0% used [0x00000000e0000000,0x00000000e0000000,0x00000000e5c00000)
  from space 12288K, 81% used [0x00000000e6800000,0x00000000e71c7910,0x00000000e7400000)
  to   space 12288K, 0% used [0x00000000e5c00000,0x00000000e5c00000,0x00000000e6800000)
 ParOldGen       total 114688K, used 10950K [0x00000000a0000000, 0x00000000a7000000, 0x00000000e0000000)
  object space 114688K, 9% used [0x00000000a0000000,0x00000000a0ab1a50,0x00000000a7000000)
 Metaspace       used 34564K, capacity 35198K, committed 35416K, reserved 1079296K
  class space    used 4752K, capacity 4940K, committed 4992K, reserved 1048576K
Event: 5.411 GC heap after
Heap after GC invocations=8 (full 2):
 PSYoungGen      total 106496K, used 0K [0x00000000e0000000, 0x00000000e7880000, 0x0000000100000000)
  eden space 94208K, 0% used [0x00000000e0000000,0x00000000e0000000,0x00000000e5c00000)
  from space 12288K, 0% used [0x00000000e6800000,0x00000000e6800000,0x00000000e7400000)
  to   space 12288K, 0% used [0x00000000e5c00000,0x00000000e5c00000,0x00000000e6800000)
 ParOldGen       total 114688K, used 17182K [0x00000000a0000000, 0x00000000a7000000, 0x00000000e0000000)
  object space 114688K, 14% used [0x00000000a0000000,0x00000000a10c7b50,0x00000000a7000000)
 Metaspace       used 34559K, capacity 35180K, committed 35416K, reserved 1079296K
  class space    used 4750K, capacity 4937K, committed 4992K, reserved 1048576K
}
Event: 6.493 GC heap before
{Heap before GC invocations=9 (full 2):
 PSYoungGen      total 106496K, used 94208K [0x00000000e0000000, 0x00000000e7880000, 0x0000000100000000)
  eden space 94208K, 100% used [0x00000000e0000000,0x00000000e5c00000,0x00000000e5c00000)
  from space 12288K, 0% used [0x00000000e6800000,0x00000000e6800000,0x00000000e7400000)
  to   space 12288K, 0% used [0x00000000e5c00000,0x00000000e5c00000,0x00000000e6800000)
 ParOldGen       total 114688K, used 17182K [0x00000000a0000000, 0x00000000a7000000, 0x00000000e0000000)
  object space 114688K, 14% used [0x00000000a0000000,0x00000000a10c7b50,0x00000000a7000000)
 Metaspace       used 44572K, capacity 45424K, committed 45912K, reserved 1089536K
  class space    used 6008K, capacity 6218K, committed 6272K, reserved 1048576K
Event: 6.506 GC heap after
Heap after GC invocations=9 (full 2):
 PSYoungGen      total 106496K, used 12269K [0x00000000e0000000, 0x00000000e9980000, 0x0000000100000000)
  eden space 94208K, 0% used [0x00000000e0000000,0x00000000e0000000,0x00000000e5c00000)
  from space 12288K, 99% used [0x00000000e5c00000,0x00000000e67fb638,0x00000000e6800000)
  to   space 14336K, 0% used [0x00000000e8b80000,0x00000000e8b80000,0x00000000e9980000)
 ParOldGen       total 114688K, used 18587K [0x00000000a0000000, 0x00000000a7000000, 0x00000000e0000000)
  object space 114688K, 16% used [0x00000000a0000000,0x00000000a1226ce0,0x00000000a7000000)
 Metaspace       used 44572K, capacity 45424K, committed 45912K, reserved 1089536K
  class space    used 6008K, capacity 6218K, committed 6272K, reserved 1048576K
}

